
2024-06-18 20:01 Error ejecutando consulta: SQLSTATE[42000]: Syntax error or access violation: 1064 You have an error in your SQL syntax; check the manual that corresponds to your MariaDB server version for the right syntax to use near '' at line 1
2024-06-18 20:01 Error ejecutando consulta: SQLSTATE[42000]: Syntax error or access violation: 1064 You have an error in your SQL syntax; check the manual that corresponds to your MariaDB server version for the right syntax to use near '' at line 1
2024-06-18 20:03 Error ejecutando consulta: SQLSTATE[42000]: Syntax error or access violation: 1064 You have an error in your SQL syntax; check the manual that corresponds to your MariaDB server version for the right syntax to use near '' at line 1
2024-06-18 20:03 Error ejecutando consulta: SQLSTATE[42000]: Syntax error or access violation: 1064 You have an error in your SQL syntax; check the manual that corresponds to your MariaDB server version for the right syntax to use near '' at line 1
2024-06-18 20:03 Error ejecutando consulta: SQLSTATE[42000]: Syntax error or access violation: 1064 You have an error in your SQL syntax; check the manual that corresponds to your MariaDB server version for the right syntax to use near '' at line 1
2024-06-18 20:03 Error ejecutando consulta: SQLSTATE[42000]: Syntax error or access violation: 1064 You have an error in your SQL syntax; check the manual that corresponds to your MariaDB server version for the right syntax to use near '' at line 1
2024-06-18 20:06 Error ejecutando consulta: SQLSTATE[42000]: Syntax error or access violation: 1064 You have an error in your SQL syntax; check the manual that corresponds to your MariaDB server version for the right syntax to use near '' at line 1
2024-06-18 20:06 Error ejecutando consulta: SQLSTATE[42000]: Syntax error or access violation: 1064 You have an error in your SQL syntax; check the manual that corresponds to your MariaDB server version for the right syntax to use near '' at line 1
2024-06-18 20:07 Error ejecutando consulta: SQLSTATE[HY093]: Invalid parameter number: number of bound variables does not match number of tokens
2024-06-18 20:08 Error ejecutando consulta: SQLSTATE[HY093]: Invalid parameter number: number of bound variables does not match number of tokens
2024-06-18 20:08 Error ejecutando consulta: SQLSTATE[HY093]: Invalid parameter number: number of bound variables does not match number of tokens
2024-06-18 20:08 Error ejecutando consulta: SQLSTATE[42000]: Syntax error or access violation: 1064 You have an error in your SQL syntax; check the manual that corresponds to your MariaDB server version for the right syntax to use near '' at line 1
2024-06-18 20:08 Error ejecutando consulta: SQLSTATE[42000]: Syntax error or access violation: 1064 You have an error in your SQL syntax; check the manual that corresponds to your MariaDB server version for the right syntax to use near '' at line 1
2024-06-18 20:08 Error ejecutando consulta: SQLSTATE[42000]: Syntax error or access violation: 1064 You have an error in your SQL syntax; check the manual that corresponds to your MariaDB server version for the right syntax to use near '' at line 1
2024-06-18 20:08 Error ejecutando consulta: SQLSTATE[42000]: Syntax error or access violation: 1064 You have an error in your SQL syntax; check the manual that corresponds to your MariaDB server version for the right syntax to use near '' at line 1
2024-06-18 20:19 Error ejecutando consulta: SQLSTATE[HY093]: Invalid parameter number: number of bound variables does not match number of tokens
2024-06-18 20:20 Error ejecutando consulta: SQLSTATE[HY093]: Invalid parameter number: number of bound variables does not match number of tokens
2024-06-18 20:21 Error ejecutando consulta: SQLSTATE[HY093]: Invalid parameter number: number of bound variables does not match number of tokens
2024-06-18 20:21 Error ejecutando consulta: SQLSTATE[HY093]: Invalid parameter number: number of bound variables does not match number of tokens
2024-06-18 20:23 Error ejecutando consulta: SQLSTATE[42S22]: Column not found: 1054 Unknown column 'Estilo' in 'order clause'
2024-06-18 20:23 Error ejecutando consulta: SQLSTATE[42S22]: Column not found: 1054 Unknown column 'Estilo' in 'order clause'
2024-06-18 20:25 Error ejecutando consulta: SQLSTATE[42S22]: Column not found: 1054 Unknown column 'Estilo' in 'order clause'
2024-06-18 20:27 Error ejecutando consulta: SQLSTATE[42000]: Syntax error or access violation: 1064 You have an error in your SQL syntax; check the manual that corresponds to your MariaDB server version for the right syntax to use near 'LIKE CONCAT('%', '3', '%') ORDER BY idEstilo' at line 1
2024-06-18 20:27 Error ejecutando consulta: SQLSTATE[42000]: Syntax error or access violation: 1064 You have an error in your SQL syntax; check the manual that corresponds to your MariaDB server version for the right syntax to use near 'LIKE CONCAT('%', '2', '%') ORDER BY idEstilo' at line 1
2024-06-18 20:28 Error ejecutando consulta: SQLSTATE[42000]: Syntax error or access violation: 1064 You have an error in your SQL syntax; check the manual that corresponds to your MariaDB server version for the right syntax to use near 'LIKE CONCAT('%', '2', '%') ORDER BY idEstilo' at line 1
2024-06-18 20:28 Error ejecutando consulta: SQLSTATE[42000]: Syntax error or access violation: 1064 You have an error in your SQL syntax; check the manual that corresponds to your MariaDB server version for the right syntax to use near 'LIKE CONCAT('%', '1', '%') ORDER BY idEstilo' at line 1
2024-06-18 20:29 Error ejecutando consulta: SQLSTATE[42000]: Syntax error or access violation: 1064 You have an error in your SQL syntax; check the manual that corresponds to your MariaDB server version for the right syntax to use near 'LIKE '2'' at line 1
2024-06-18 20:31 Error ejecutando consulta: SQLSTATE[42000]: Syntax error or access violation: 1064 You have an error in your SQL syntax; check the manual that corresponds to your MariaDB server version for the right syntax to use near '= '3'' at line 1
2024-06-18 20:37 Error ejecutando consulta: SQLSTATE[42000]: Syntax error or access violation: 1064 You have an error in your SQL syntax; check the manual that corresponds to your MariaDB server version for the right syntax to use near 'LIKE CONCAT('%', '1', '%') AND' at line 1
2024-06-18 20:37 Error ejecutando consulta: SQLSTATE[42000]: Syntax error or access violation: 1064 You have an error in your SQL syntax; check the manual that corresponds to your MariaDB server version for the right syntax to use near 'LIKE CONCAT('%', 'ayun', '%') AND' at line 1
2024-06-18 20:37 Error ejecutando consulta: SQLSTATE[42000]: Syntax error or access violation: 1064 You have an error in your SQL syntax; check the manual that corresponds to your MariaDB server version for the right syntax to use near 'LIKE CONCAT('%', 'Ayun', '%') AND' at line 1
2024-06-18 20:38 Error ejecutando consulta: SQLSTATE[42000]: Syntax error or access violation: 1064 You have an error in your SQL syntax; check the manual that corresponds to your MariaDB server version for the right syntax to use near 'LIKE CONCAT('%', 'RomanticismoBarrocoNeoplasticismoImpresionismo', '%') AND' at line 1
2024-06-18 20:39 Error ejecutando consulta: SQLSTATE[42000]: Syntax error or access violation: 1064 You have an error in your SQL syntax; check the manual that corresponds to your MariaDB server version for the right syntax to use near 'LIKE CONCAT('%', 'Romanticismo', '%') AND' at line 1
2024-06-18 20:39 Error ejecutando consulta: SQLSTATE[42000]: Syntax error or access violation: 1064 You have an error in your SQL syntax; check the manual that corresponds to your MariaDB server version for the right syntax to use near 'LIKE CONCAT('%', 'Romanticismo', '%') AND' at line 1
2024-06-18 20:40 Error ejecutando consulta: SQLSTATE[42000]: Syntax error or access violation: 1064 You have an error in your SQL syntax; check the manual that corresponds to your MariaDB server version for the right syntax to use near '' at line 1
2024-06-18 20:40 Error ejecutando consulta: SQLSTATE[42000]: Syntax error or access violation: 1064 You have an error in your SQL syntax; check the manual that corresponds to your MariaDB server version for the right syntax to use near '' at line 1
2024-06-18 20:40 Error ejecutando consulta: SQLSTATE[42000]: Syntax error or access violation: 1064 You have an error in your SQL syntax; check the manual that corresponds to your MariaDB server version for the right syntax to use near '' at line 1
2024-06-18 20:40 Error ejecutando consulta: SQLSTATE[42000]: Syntax error or access violation: 1064 You have an error in your SQL syntax; check the manual that corresponds to your MariaDB server version for the right syntax to use near '' at line 1
2024-06-18 20:41 Error ejecutando consulta: SQLSTATE[42000]: Syntax error or access violation: 1064 You have an error in your SQL syntax; check the manual that corresponds to your MariaDB server version for the right syntax to use near '' at line 1
2024-06-18 20:44 Error ejecutando consulta: SQLSTATE[42000]: Syntax error or access violation: 1064 You have an error in your SQL syntax; check the manual that corresponds to your MariaDB server version for the right syntax to use near '' at line 1
2024-06-18 20:45 Error ejecutando consulta: SQLSTATE[42000]: Syntax error or access violation: 1064 You have an error in your SQL syntax; check the manual that corresponds to your MariaDB server version for the right syntax to use near '' at line 1
2024-06-18 20:47 Error ejecutando consulta: SQLSTATE[42000]: Syntax error or access violation: 1064 You have an error in your SQL syntax; check the manual that corresponds to your MariaDB server version for the right syntax to use near '' at line 1
2024-06-18 20:52 Error ejecutando consulta: SQLSTATE[42S02]: Base table or view not found: 1146 Table 'pintores.pinto' doesn't exist
